<?xml version="1.0" encoding="UTF-8"?>
<testsuite name="BowlingGameTest" tests="2" skipped="0" failures="0" errors="0" timestamp="2022-03-03T08:59:32" hostname="maf" time="0.062">
  <properties/>
  <testcase name="all rolls are one()" classname="BowlingGameTest" time="0.06"/>
  <testcase name="all rolls are miss()" classname="BowlingGameTest" time="0.001"/>
  <system-out><![CDATA[]]></system-out>
  <system-err><![CDATA[]]></system-err>
</testsuite>
