<?xml version="1.0" encoding="UTF-8"?>
<testsuite name="BowlingGameTest" tests="5" skipped="0" failures="0" errors="0" timestamp="2022-03-07T16:02:09" hostname="maf" time="0.09">
  <properties/>
  <testcase name="all strikes()" classname="BowlingGameTest" time="0.083"/>
  <testcase name="rolls are half nine and half miss()" classname="BowlingGameTest" time="0.002"/>
  <testcase name="all rolls are one()" classname="BowlingGameTest" time="0.001"/>
  <testcase name="all rolls are miss()" classname="BowlingGameTest" time="0.0"/>
  <testcase name="manage spares()" classname="BowlingGameTest" time="0.001"/>
  <system-out><![CDATA[]]></system-out>
  <system-err><![CDATA[]]></system-err>
</testsuite>
